<?xml version="1.0" encoding="UTF-8"?>
<!-- Generated by org.testng.reporters.JUnitReportReporter -->
<testsuite hostname="sirius-PC" name="com.cucumber.runner.MyTestNGCukesRunner" tests="3" failures="0" timestamp="14 Feb 2019 06:27:41 GMT" time="0.893" errors="0">
  <testcase name="feature" time="0.027" classname="com.cucumber.runner.MyTestNGCukesRunner"/>
  <testcase name="feature" time="0.030" classname="com.cucumber.runner.MyTestNGCukesRunner"/>
  <testcase name="feature" time="0.836" classname="com.cucumber.runner.MyTestNGCukesRunner"/>
</testsuite> <!-- com.cucumber.runner.MyTestNGCukesRunner -->
