<?xml version="1.0" encoding="UTF-8"?>
<!-- Generated by org.testng.reporters.JUnitReportReporter -->
<testsuite hostname="sirius-PC" name="com.cucumber.runner.TestRunner" tests="1" failures="0" timestamp="31 Jan 2019 11:42:50 GMT" time="0.862" errors="0">
  <testcase name="feature" time="0.862" classname="com.cucumber.runner.TestRunner"/>
</testsuite> <!-- com.cucumber.runner.TestRunner -->
