<?xml version="1.0" encoding="UTF-8"?>
<!-- Generated by org.testng.reporters.JUnitReportReporter -->
<testsuite hostname="sirius-PC" name="com.vimalselvam.cucumber.runner.TestNGCukesRunner" tests="1" failures="0" timestamp="24 Dec 2018 13:12:32 GMT" time="0.395" errors="0">
  <testcase name="feature" time="0.395" classname="com.vimalselvam.cucumber.runner.TestNGCukesRunner"/>
</testsuite> <!-- com.vimalselvam.cucumber.runner.TestNGCukesRunner -->
